2020-08-19 11:31:39.230 - INFO - 9696 - azureml.train.automl.run._log_activity:55 - ActivityStarted: GetOutput
2020-08-19 11:31:39.243 - INFO - 9696 - azureml.train.automl.run._log_activity:55 - ActivityStarted: GetChildren
2020-08-19 11:32:28.642 - INFO - 9696 - azureml.train.automl.run._log_activity:76 - ActivityCompleted: Activity=GetChildren, HowEnded=Success, Duration=49398.84[ms]
2020-08-19 11:32:28.643 - INFO - 9696 - azureml.train.automl.run._log_activity:55 - ActivityStarted: DownloadModel
2020-08-19 11:32:32.665 - CRITICAL - 9696 - azureml.train.automl.run.log_traceback:194 - Type: Unclassified
Class: ModuleNotFoundError
Message: No module named 'azureml.train.automl.runtime'
Traceback:
  File "run.py", line 784, in _download_automl_model
    import azureml.train.automl.runtime

ExceptionTarget: Unspecified
2020-08-19 11:32:32.666 - WARNING - 9696 - azureml.train.automl.run._download_automl_model:810 - Cannot retrieve model since azureml-train-automl-runtime is not installed locally. Please install this dependency to enable returning a model from this method.
2020-08-19 11:32:32.666 - INFO - 9696 - azureml.train.automl.run._log_activity:76 - ActivityCompleted: Activity=DownloadModel, HowEnded=Success, Duration=4023.23[ms]
2020-08-19 11:32:32.667 - INFO - 9696 - azureml.train.automl.run._log_activity:76 - ActivityCompleted: Activity=GetOutput, HowEnded=Success, Duration=53437.04[ms]
2020-08-19 11:32:48.662 - INFO - 9696 - azureml.train.automl.run._log_activity:55 - ActivityStarted: GetOutput
2020-08-19 11:32:48.681 - INFO - 9696 - azureml.train.automl.run._log_activity:55 - ActivityStarted: GetChildren
2020-08-19 11:33:23.944 - INFO - 9696 - azureml.train.automl.run._log_activity:76 - ActivityCompleted: Activity=GetChildren, HowEnded=Success, Duration=35262.5[ms]
2020-08-19 11:33:23.944 - INFO - 9696 - azureml.train.automl.run._log_activity:55 - ActivityStarted: DownloadModel
2020-08-19 11:33:28.260 - CRITICAL - 9696 - azureml.train.automl.run.log_traceback:194 - Type: Unclassified
Class: ModuleNotFoundError
Message: No module named 'azureml.train.automl.runtime'
Traceback:
  File "run.py", line 784, in _download_automl_model
    import azureml.train.automl.runtime

ExceptionTarget: Unspecified
2020-08-19 11:33:28.262 - WARNING - 9696 - azureml.train.automl.run._download_automl_model:810 - Cannot retrieve model since azureml-train-automl-runtime is not installed locally. Please install this dependency to enable returning a model from this method.
2020-08-19 11:33:28.263 - INFO - 9696 - azureml.train.automl.run._log_activity:76 - ActivityCompleted: Activity=DownloadModel, HowEnded=Success, Duration=4318.9[ms]
2020-08-19 11:33:28.263 - INFO - 9696 - azureml.train.automl.run._log_activity:76 - ActivityCompleted: Activity=GetOutput, HowEnded=Success, Duration=39600.38[ms]
2020-08-19 14:31:47.283 - INFO - 18060 - azureml.train.automl.run._log_activity:55 - ActivityStarted: GetOutput
2020-08-19 14:31:47.301 - INFO - 18060 - azureml.train.automl.run._log_activity:55 - ActivityStarted: GetChildren
2020-08-19 14:32:04.492 - INFO - 18060 - azureml.train.automl.run._log_activity:76 - ActivityCompleted: Activity=GetChildren, HowEnded=Success, Duration=17191.01[ms]
2020-08-19 14:32:04.492 - INFO - 18060 - azureml.train.automl.run._log_activity:55 - ActivityStarted: DownloadModel
2020-08-19 14:32:06.977 - CRITICAL - 18060 - azureml.train.automl.run.log_traceback:194 - Type: Unclassified
Class: ModuleNotFoundError
Message: No module named 'azureml.train.automl.runtime'
Traceback:
  File "run.py", line 784, in _download_automl_model
    import azureml.train.automl.runtime

ExceptionTarget: Unspecified
2020-08-19 14:32:06.979 - WARNING - 18060 - azureml.train.automl.run._download_automl_model:810 - Cannot retrieve model since azureml-train-automl-runtime is not installed locally. Please install this dependency to enable returning a model from this method.
2020-08-19 14:32:06.979 - INFO - 18060 - azureml.train.automl.run._log_activity:76 - ActivityCompleted: Activity=DownloadModel, HowEnded=Success, Duration=2487.53[ms]
2020-08-19 14:32:06.980 - INFO - 18060 - azureml.train.automl.run._log_activity:76 - ActivityCompleted: Activity=GetOutput, HowEnded=Success, Duration=19697.51[ms]
